java.lang.IndexOutOfBoundsException: index can't be >= size: 0 >= 0
	at com.badlogic.gdx.utils.Array.get(Array.java:127)
	at com.lyeeedar.Renderables.Particle.Timeline.valAt(Timeline.kt:34)
	at com.lyeeedar.Renderables.Particle.Emitter.spawn(Emitter.kt:153)
	at com.lyeeedar.Renderables.Particle.Emitter.update(Emitter.kt:108)
	at com.lyeeedar.Renderables.Particle.ParticleEffect.doUpdate(ParticleEffect.kt:120)
	at com.lyeeedar.Renderables.Renderable.update(Renderable.kt:69)
	at com.lyeeedar.Renderables.SortedRenderer.queueParticle(SortedRenderer.kt:157)
	at com.lyeeedar.Renderables.SortedRenderer.queueParticle$default(SortedRenderer.kt:155)
	at com.lyeeedar.UI.GridWidget.draw(GridWidget.kt:255)
	at com.badlogic.gdx.scenes.scene2d.Group.drawChildren(Group.java:123)
	at com.badlogic.gdx.scenes.scene2d.Group.draw(Group.java:57)
	at com.badlogic.gdx.scenes.scene2d.ui.WidgetGroup.draw(WidgetGroup.java:163)
	at com.badlogic.gdx.scenes.scene2d.ui.Table.draw(Table.java:119)
	at com.badlogic.gdx.scenes.scene2d.Group.drawChildren(Group.java:110)
	at com.badlogic.gdx.scenes.scene2d.Group.draw(Group.java:57)
	at com.badlogic.gdx.scenes.scene2d.Stage.draw(Stage.java:128)
	at com.lyeeedar.Screens.AbstractScreen.render(AbstractScreen.kt:72)
	at com.badlogic.gdx.Game.render(Game.java:46)
	at com.badlogic.gdx.backends.lwjgl.LwjglApplication.mainLoop(LwjglApplication.java:225)
	at com.badlogic.gdx.backends.lwjgl.LwjglApplication$1.run(LwjglApplication.java:126)
